<?xml version="1.0" encoding="UTF-8"?>
<testsuite xmlns:xsi="http://www.w3.org/2001/XMLSchema-instance" xsi:noNamespaceSchemaLocation="https://maven.apache.org/surefire/maven-surefire-plugin/xsd/surefire-test-report-3.0.xsd" version="3.0" name="spotify.PlaylistTests" time="3.705" tests="5" errors="0" skipped="0" failures="0">
  <properties>
    <property name="java.specification.version" value="17"/>
    <property name="sun.jnu.encoding" value="UTF-8"/>
    <property name="java.class.path" value="/Users/rodrigo.fontan/Spotify/target/test-classes:/Users/rodrigo.fontan/Spotify/target/classes:/Users/rodrigo.fontan/.m2/repository/io/rest-assured/rest-assured/4.3.3/rest-assured-4.3.3.jar:/Users/rodrigo.fontan/.m2/repository/org/codehaus/groovy/groovy/3.0.7/groovy-3.0.7.jar:/Users/rodrigo.fontan/.m2/repository/org/codehaus/groovy/groovy-xml/3.0.7/groovy-xml-3.0.7.jar:/Users/rodrigo.fontan/.m2/repository/org/apache/httpcomponents/httpclient/4.5.3/httpclient-4.5.3.jar:/Users/rodrigo.fontan/.m2/repository/org/apache/httpcomponents/httpcore/4.4.6/httpcore-4.4.6.jar:/Users/rodrigo.fontan/.m2/repository/commons-logging/commons-logging/1.2/commons-logging-1.2.jar:/Users/rodrigo.fontan/.m2/repository/commons-codec/commons-codec/1.9/commons-codec-1.9.jar:/Users/rodrigo.fontan/.m2/repository/org/apache/httpcomponents/httpmime/4.5.3/httpmime-4.5.3.jar:/Users/rodrigo.fontan/.m2/repository/org/hamcrest/hamcrest/2.1/hamcrest-2.1.jar:/Users/rodrigo.fontan/.m2/repository/org/ccil/cowan/tagsoup/tagsoup/1.2.1/tagsoup-1.2.1.jar:/Users/rodrigo.fontan/.m2/repository/io/rest-assured/json-path/4.3.3/json-path-4.3.3.jar:/Users/rodrigo.fontan/.m2/repository/org/codehaus/groovy/groovy-json/3.0.7/groovy-json-3.0.7.jar:/Users/rodrigo.fontan/.m2/repository/io/rest-assured/rest-assured-common/4.3.3/rest-assured-common-4.3.3.jar:/Users/rodrigo.fontan/.m2/repository/io/rest-assured/xml-path/4.3.3/xml-path-4.3.3.jar:/Users/rodrigo.fontan/.m2/repository/org/apache/commons/commons-lang3/3.11/commons-lang3-3.11.jar:/Users/rodrigo.fontan/.m2/repository/jakarta/xml/bind/jakarta.xml.bind-api/2.3.3/jakarta.xml.bind-api-2.3.3.jar:/Users/rodrigo.fontan/.m2/repository/jakarta/activation/jakarta.activation-api/1.2.2/jakarta.activation-api-1.2.2.jar:/Users/rodrigo.fontan/.m2/repository/com/sun/xml/bind/jaxb-impl/2.3.3/jaxb-impl-2.3.3.jar:/Users/rodrigo.fontan/.m2/repository/org/testng/testng/7.3.0/testng-7.3.0.jar:/Users/rodrigo.fontan/.m2/repository/com/beust/jcommander/1.78/jcommander-1.78.jar:/Users/rodrigo.fontan/.m2/repository/org/apache/ant/ant/1.10.3/ant-1.10.3.jar:/Users/rodrigo.fontan/.m2/repository/org/apache/ant/ant-launcher/1.10.3/ant-launcher-1.10.3.jar:/Users/rodrigo.fontan/.m2/repository/junit/junit/4.12/junit-4.12.jar:/Users/rodrigo.fontan/.m2/repository/org/hamcrest/hamcrest-core/1.3/hamcrest-core-1.3.jar:/Users/rodrigo.fontan/.m2/repository/com/google/inject/guice/4.2.2/guice-4.2.2-no_aop.jar:/Users/rodrigo.fontan/.m2/repository/javax/inject/javax.inject/1/javax.inject-1.jar:/Users/rodrigo.fontan/.m2/repository/aopalliance/aopalliance/1.0/aopalliance-1.0.jar:/Users/rodrigo.fontan/.m2/repository/com/google/guava/guava/25.1-android/guava-25.1-android.jar:/Users/rodrigo.fontan/.m2/repository/com/google/code/findbugs/jsr305/3.0.2/jsr305-3.0.2.jar:/Users/rodrigo.fontan/.m2/repository/org/checkerframework/checker-compat-qual/2.0.0/checker-compat-qual-2.0.0.jar:/Users/rodrigo.fontan/.m2/repository/com/google/errorprone/error_prone_annotations/2.1.3/error_prone_annotations-2.1.3.jar:/Users/rodrigo.fontan/.m2/repository/com/google/j2objc/j2objc-annotations/1.1/j2objc-annotations-1.1.jar:/Users/rodrigo.fontan/.m2/repository/org/codehaus/mojo/animal-sniffer-annotations/1.14/animal-sniffer-annotations-1.14.jar:/Users/rodrigo.fontan/.m2/repository/org/yaml/snakeyaml/1.21/snakeyaml-1.21.jar:/Users/rodrigo.fontan/.m2/repository/com/fasterxml/jackson/core/jackson-databind/2.12.0/jackson-databind-2.12.0.jar:/Users/rodrigo.fontan/.m2/repository/com/fasterxml/jackson/core/jackson-annotations/2.12.0/jackson-annotations-2.12.0.jar:/Users/rodrigo.fontan/.m2/repository/com/fasterxml/jackson/core/jackson-core/2.12.0/jackson-core-2.12.0.jar:/Users/rodrigo.fontan/.m2/repository/org/projectlombok/lombok/1.18.24/lombok-1.18.24.jar:/Users/rodrigo.fontan/.m2/repository/io/qameta/allure/allure-testng/2.18.1/allure-testng-2.18.1.jar:/Users/rodrigo.fontan/.m2/repository/io/qameta/allure/allure-java-commons/2.18.1/allure-java-commons-2.18.1.jar:/Users/rodrigo.fontan/.m2/repository/org/slf4j/slf4j-api/1.7.30/slf4j-api-1.7.30.jar:/Users/rodrigo.fontan/.m2/repository/io/qameta/allure/allure-model/2.18.1/allure-model-2.18.1.jar:/Users/rodrigo.fontan/.m2/repository/io/qameta/allure/allure-test-filter/2.18.1/allure-test-filter-2.18.1.jar:/Users/rodrigo.fontan/.m2/repository/io/qameta/allure/allure-rest-assured/2.18.1/allure-rest-assured-2.18.1.jar:/Users/rodrigo.fontan/.m2/repository/io/qameta/allure/allure-attachments/2.18.1/allure-attachments-2.18.1.jar:/Users/rodrigo.fontan/.m2/repository/org/freemarker/freemarker/2.3.31/freemarker-2.3.31.jar:"/>
    <property name="java.vm.vendor" value="Oracle Corporation"/>
    <property name="sun.arch.data.model" value="64"/>
    <property name="java.vendor.url" value="https://java.oracle.com/"/>
    <property name="user.timezone" value="America/New_York"/>
    <property name="os.name" value="Mac OS X"/>
    <property name="java.vm.specification.version" value="17"/>
    <property name="sun.java.launcher" value="SUN_STANDARD"/>
    <property name="user.country" value="US"/>
    <property name="sun.boot.library.path" value="/Library/Java/JavaVirtualMachines/jdk-17.0.2.jdk/Contents/Home/lib"/>
    <property name="sun.java.command" value="/Users/rodrigo.fontan/Spotify/target/surefire/surefirebooter10804748050037509774.jar /Users/rodrigo.fontan/Spotify/target/surefire 2022-05-31T17-57-40_019-jvmRun1 surefire11753901026970655601tmp surefire_012200619420724492306tmp"/>
    <property name="http.nonProxyHosts" value="local|*.local|169.254/16|*.169.254/16"/>
    <property name="jdk.debug" value="release"/>
    <property name="test" value="PlaylistTests"/>
    <property name="surefire.test.class.path" value="/Users/rodrigo.fontan/Spotify/target/test-classes:/Users/rodrigo.fontan/Spotify/target/classes:/Users/rodrigo.fontan/.m2/repository/io/rest-assured/rest-assured/4.3.3/rest-assured-4.3.3.jar:/Users/rodrigo.fontan/.m2/repository/org/codehaus/groovy/groovy/3.0.7/groovy-3.0.7.jar:/Users/rodrigo.fontan/.m2/repository/org/codehaus/groovy/groovy-xml/3.0.7/groovy-xml-3.0.7.jar:/Users/rodrigo.fontan/.m2/repository/org/apache/httpcomponents/httpclient/4.5.3/httpclient-4.5.3.jar:/Users/rodrigo.fontan/.m2/repository/org/apache/httpcomponents/httpcore/4.4.6/httpcore-4.4.6.jar:/Users/rodrigo.fontan/.m2/repository/commons-logging/commons-logging/1.2/commons-logging-1.2.jar:/Users/rodrigo.fontan/.m2/repository/commons-codec/commons-codec/1.9/commons-codec-1.9.jar:/Users/rodrigo.fontan/.m2/repository/org/apache/httpcomponents/httpmime/4.5.3/httpmime-4.5.3.jar:/Users/rodrigo.fontan/.m2/repository/org/hamcrest/hamcrest/2.1/hamcrest-2.1.jar:/Users/rodrigo.fontan/.m2/repository/org/ccil/cowan/tagsoup/tagsoup/1.2.1/tagsoup-1.2.1.jar:/Users/rodrigo.fontan/.m2/repository/io/rest-assured/json-path/4.3.3/json-path-4.3.3.jar:/Users/rodrigo.fontan/.m2/repository/org/codehaus/groovy/groovy-json/3.0.7/groovy-json-3.0.7.jar:/Users/rodrigo.fontan/.m2/repository/io/rest-assured/rest-assured-common/4.3.3/rest-assured-common-4.3.3.jar:/Users/rodrigo.fontan/.m2/repository/io/rest-assured/xml-path/4.3.3/xml-path-4.3.3.jar:/Users/rodrigo.fontan/.m2/repository/org/apache/commons/commons-lang3/3.11/commons-lang3-3.11.jar:/Users/rodrigo.fontan/.m2/repository/jakarta/xml/bind/jakarta.xml.bind-api/2.3.3/jakarta.xml.bind-api-2.3.3.jar:/Users/rodrigo.fontan/.m2/repository/jakarta/activation/jakarta.activation-api/1.2.2/jakarta.activation-api-1.2.2.jar:/Users/rodrigo.fontan/.m2/repository/com/sun/xml/bind/jaxb-impl/2.3.3/jaxb-impl-2.3.3.jar:/Users/rodrigo.fontan/.m2/repository/org/testng/testng/7.3.0/testng-7.3.0.jar:/Users/rodrigo.fontan/.m2/repository/com/beust/jcommander/1.78/jcommander-1.78.jar:/Users/rodrigo.fontan/.m2/repository/org/apache/ant/ant/1.10.3/ant-1.10.3.jar:/Users/rodrigo.fontan/.m2/repository/org/apache/ant/ant-launcher/1.10.3/ant-launcher-1.10.3.jar:/Users/rodrigo.fontan/.m2/repository/junit/junit/4.12/junit-4.12.jar:/Users/rodrigo.fontan/.m2/repository/org/hamcrest/hamcrest-core/1.3/hamcrest-core-1.3.jar:/Users/rodrigo.fontan/.m2/repository/com/google/inject/guice/4.2.2/guice-4.2.2-no_aop.jar:/Users/rodrigo.fontan/.m2/repository/javax/inject/javax.inject/1/javax.inject-1.jar:/Users/rodrigo.fontan/.m2/repository/aopalliance/aopalliance/1.0/aopalliance-1.0.jar:/Users/rodrigo.fontan/.m2/repository/com/google/guava/guava/25.1-android/guava-25.1-android.jar:/Users/rodrigo.fontan/.m2/repository/com/google/code/findbugs/jsr305/3.0.2/jsr305-3.0.2.jar:/Users/rodrigo.fontan/.m2/repository/org/checkerframework/checker-compat-qual/2.0.0/checker-compat-qual-2.0.0.jar:/Users/rodrigo.fontan/.m2/repository/com/google/errorprone/error_prone_annotations/2.1.3/error_prone_annotations-2.1.3.jar:/Users/rodrigo.fontan/.m2/repository/com/google/j2objc/j2objc-annotations/1.1/j2objc-annotations-1.1.jar:/Users/rodrigo.fontan/.m2/repository/org/codehaus/mojo/animal-sniffer-annotations/1.14/animal-sniffer-annotations-1.14.jar:/Users/rodrigo.fontan/.m2/repository/org/yaml/snakeyaml/1.21/snakeyaml-1.21.jar:/Users/rodrigo.fontan/.m2/repository/com/fasterxml/jackson/core/jackson-databind/2.12.0/jackson-databind-2.12.0.jar:/Users/rodrigo.fontan/.m2/repository/com/fasterxml/jackson/core/jackson-annotations/2.12.0/jackson-annotations-2.12.0.jar:/Users/rodrigo.fontan/.m2/repository/com/fasterxml/jackson/core/jackson-core/2.12.0/jackson-core-2.12.0.jar:/Users/rodrigo.fontan/.m2/repository/org/projectlombok/lombok/1.18.24/lombok-1.18.24.jar:/Users/rodrigo.fontan/.m2/repository/io/qameta/allure/allure-testng/2.18.1/allure-testng-2.18.1.jar:/Users/rodrigo.fontan/.m2/repository/io/qameta/allure/allure-java-commons/2.18.1/allure-java-commons-2.18.1.jar:/Users/rodrigo.fontan/.m2/repository/org/slf4j/slf4j-api/1.7.30/slf4j-api-1.7.30.jar:/Users/rodrigo.fontan/.m2/repository/io/qameta/allure/allure-model/2.18.1/allure-model-2.18.1.jar:/Users/rodrigo.fontan/.m2/repository/io/qameta/allure/allure-test-filter/2.18.1/allure-test-filter-2.18.1.jar:/Users/rodrigo.fontan/.m2/repository/io/qameta/allure/allure-rest-assured/2.18.1/allure-rest-assured-2.18.1.jar:/Users/rodrigo.fontan/.m2/repository/io/qameta/allure/allure-attachments/2.18.1/allure-attachments-2.18.1.jar:/Users/rodrigo.fontan/.m2/repository/org/freemarker/freemarker/2.3.31/freemarker-2.3.31.jar:"/>
    <property name="sun.cpu.endian" value="little"/>
    <property name="user.home" value="/Users/rodrigo.fontan"/>
    <property name="user.language" value="en"/>
    <property name="java.specification.vendor" value="Oracle Corporation"/>
    <property name="java.version.date" value="2022-01-18"/>
    <property name="java.home" value="/Library/Java/JavaVirtualMachines/jdk-17.0.2.jdk/Contents/Home"/>
    <property name="file.separator" value="/"/>
    <property name="basedir" value="/Users/rodrigo.fontan/Spotify"/>
    <property name="java.vm.compressedOopsMode" value="Zero based"/>
    <property name="line.separator" value="&#10;"/>
    <property name="java.vm.specification.vendor" value="Oracle Corporation"/>
    <property name="java.specification.name" value="Java Platform API Specification"/>
    <property name="surefire.real.class.path" value="/Users/rodrigo.fontan/Spotify/target/surefire/surefirebooter10804748050037509774.jar"/>
    <property name="sun.management.compiler" value="HotSpot 64-Bit Tiered Compilers"/>
    <property name="ftp.nonProxyHosts" value="local|*.local|169.254/16|*.169.254/16"/>
    <property name="java.runtime.version" value="17.0.2+8-LTS-86"/>
    <property name="user.name" value="rodrigo.fontan"/>
    <property name="path.separator" value=":"/>
    <property name="os.version" value="11.6.5"/>
    <property name="java.runtime.name" value="Java(TM) SE Runtime Environment"/>
    <property name="file.encoding" value="UTF-8"/>
    <property name="java.vm.name" value="Java HotSpot(TM) 64-Bit Server VM"/>
    <property name="localRepository" value="/Users/rodrigo.fontan/.m2/repository"/>
    <property name="java.vendor.url.bug" value="https://bugreport.java.com/bugreport/"/>
    <property name="java.io.tmpdir" value="/var/folders/5_/yf86lqbs17s12xrw43x6hspc0000gs/T/"/>
    <property name="java.version" value="17.0.2"/>
    <property name="user.dir" value="/Users/rodrigo.fontan/Spotify"/>
    <property name="os.arch" value="x86_64"/>
    <property name="java.vm.specification.name" value="Java Virtual Machine Specification"/>
    <property name="native.encoding" value="UTF-8"/>
    <property name="java.library.path" value="/Users/rodrigo.fontan/Library/Java/Extensions:/Library/Java/Extensions:/Network/Library/Java/Extensions:/System/Library/Java/Extensions:/usr/lib/java:."/>
    <property name="java.vm.info" value="mixed mode, sharing"/>
    <property name="java.vendor" value="Oracle Corporation"/>
    <property name="java.vm.version" value="17.0.2+8-LTS-86"/>
    <property name="sun.io.unicode.encoding" value="UnicodeBig"/>
    <property name="socksNonProxyHosts" value="local|*.local|169.254/16|*.169.254/16"/>
    <property name="java.class.version" value="61.0"/>
  </properties>
  <testcase name="ShouldNotBeAbleToCreatePlaylistWithExpiredToken" classname="spotify.PlaylistTests" time="2.262">
    <system-out><![CDATA[Starting test: ShouldBeAbleToUpdatePlaylist
Starting test: ShouldBeAbleToCreatePlaylist
Starting test: ShouldNotBeAbleToCreatePlaylistWithExpiredToken
Thread id: TestNG-test=Surefire test-1
Thread id: TestNG-test=Surefire test-3
Thread id: TestNG-test=Surefire test-4
Starting test: ShouldBeAbleToGetPlayList
Thread id: TestNG-test=Surefire test-2
Starting test: ShouldNotBeAbleToCreatePlaylistWithOutName
Thread id: TestNG-test=Surefire test-5

Renewing token ....
Request method:	POST
Request URI:	https://accounts.spotify.com/api/token
Proxy:			<none>
Request params:	<none>
Query params:	<none>
Form params:	refresh_token=AQBtF6VRio5gPOCBSdhiR3Qzn7FoTGwQHewZniLFeOn132TbW27YMke-NdOtNZ2J1clOLmylsvruE0I2iIb33gKYq-jv9RVphlfZNwq8WPOZBgGrSO2Htpv-xBjuWMcnDJY
				grant_type=refresh_token
				client_secret=da5471af51a246d1b5a516592d299e2c
				client_id=1f71f4f218744df4804caa2d4c352656
Path params:	<none>
Headers:		Accept=*/*
				Content-Type=application/x-www-form-urlencoded; charset=ISO-8859-1
Cookies:		<none>
Multiparts:		<none>
Body:			<none>
Request method:	POST
Request URI:	https://accounts.spotify.com/api/token
Proxy:			<none>
Request params:	<none>
Query params:	<none>
Form params:	refresh_token=AQBtF6VRio5gPOCBSdhiR3Qzn7FoTGwQHewZniLFeOn132TbW27YMke-NdOtNZ2J1clOLmylsvruE0I2iIb33gKYq-jv9RVphlfZNwq8WPOZBgGrSO2Htpv-xBjuWMcnDJY
				grant_type=refresh_token
				client_secret=da5471af51a246d1b5a516592d299e2c
				client_id=1f71f4f218744df4804caa2d4c352656
Path params:	<none>
Headers:		Accept=*/*
				Content-Type=application/x-www-form-urlencoded; charset=ISO-8859-1
Cookies:		<none>
Multiparts:		<none>
Body:			<none>
Request method:	POST
Request URI:	https://api.spotify.com/v1/users/rodrigo1.fontan/playlists
Proxy:			<none>
Request params:	<none>
Query params:	<none>
Form params:	<none>
Path params:	<none>
Headers:		Accept=*/*
				Content-Type=text/plain; charset=ISO-8859-1
Cookies:		<none>
Multiparts:		<none>
Body:
{"description":"Test","name":"Error Tests","public":false}
HTTP/1.1 401 Unauthorized
www-authenticate: Bearer realm="spotify", error="invalid_token", error_description="Invalid access token"
access-control-allow-origin: *
access-control-allow-headers: Accept, App-Platform, Authorization, Content-Type, Origin, Retry-After, Spotify-App-Version, X-Cloud-Trace-Context, client-token, content-access-token
access-control-allow-methods: GET, POST, OPTIONS, PUT, DELETE, PATCH
access-control-allow-credentials: true
access-control-max-age: 604800
content-type: application/json
content-encoding: gzip
strict-transport-security: max-age=31536000
x-content-type-options: nosniff
date: Tue, 31 May 2022 21:57:45 GMT
server: envoy
Via: HTTP/2 edgeproxy, 1.1 google
Alt-Svc: h3=":443"; ma=2592000,h3-29=":443"; ma=2592000
Transfer-Encoding: chunked

{
    "error": {
        "status": 401,
        "message": "Invalid access token"
    }
}
HTTP/1.1 200 OK
date: Tue, 31 May 2022 21:57:45 GMT
content-type: application/json
vary: Accept-Encoding
set-cookie: __Host-device_id=AQAi8UKmo_3FSQM-_T_3CL269UxhZIz16HL2gVSL2dobIjLdQKCxNKNcao5YWRhEkdd_Y0YkjURjOBm-EPJ0AgVNpmMKP4sFvNE;Version=1;Path=/;Max-Age=2147483647;Secure;HttpOnly;SameSite=Lax
set-cookie: sp_tr=false;Version=1;Domain=accounts.spotify.com;Path=/;Secure;SameSite=Lax
sp-trace-id: 0421ac54c386574c
content-encoding: gzip
strict-transport-security: max-age=31536000
x-content-type-options: nosniff
server: envoy
Via: HTTP/2 edgeproxy, 1.1 google
Alt-Svc: h3=":443"; ma=2592000,h3-29=":443"; ma=2592000
Transfer-Encoding: chunked

{
    "access_token": "BQBWOOgRf5jiXFbdpbpJkgFbhHxzcRl46K7B8BJaLk2eiBgl9bhbkml3LNufLjUZsOGD3UwU7vbUziO6Xonei9Z6cJOCkeM0MHBeiqXknr0N-7NYCIsLx_GkjZfyxH2NLxYz4EOnpjcHoEqMI4RLSf9OONRKYwuXBmiFjYnu2T2W_3blqzi4MxomabnJmEaG6rhQKa_cHIMSISoz4OSeFNnGLdhIqDI",
    "token_type": "Bearer",
    "expires_in": 3600,
    "scope": "playlist-read-private playlist-read-collaborative playlist-modify-private playlist-modify-public"
}
]]></system-out>
    <system-err><![CDATA[SLF4J: Failed to load class "org.slf4j.impl.StaticLoggerBinder".
SLF4J: Defaulting to no-operation (NOP) logger implementation
SLF4J: See http://www.slf4j.org/codes.html#StaticLoggerBinder for further details.
]]></system-err>
  </testcase>
  <testcase name="ShouldNotBeAbleToCreatePlaylistWithOutName" classname="spotify.PlaylistTests" time="2.819">
    <system-out><![CDATA[Token is good
Token is good
Token is good
Request method:	GET
Request URI:	https://api.spotify.com/v1/users/rodrigo1.fontan/playlists/6nEOpqKuXt63G8ZggGypcU
Proxy:			<none>
Request params:	<none>
Query params:	<none>
Form params:	<none>
Path params:	<none>
Headers:		Accept=*/*
Cookies:		<none>
Multiparts:		<none>
Body:			<none>
Request method:	POST
Request URI:	https://api.spotify.com/v1/users/rodrigo1.fontan/playlists
Proxy:			<none>
Request params:	<none>
Query params:	<none>
Form params:	<none>
Path params:	<none>
Headers:		Accept=*/*
				Content-Type=text/plain; charset=ISO-8859-1
Cookies:		<none>
Multiparts:		<none>
Body:
{"description":"Test","public":false}
Request method:	PUT
Request URI:	https://api.spotify.com/v1/users/rodrigo1.fontan/playlists/6nEOpqKuXt63G8ZggGypcU
Proxy:			<none>
Request params:	<none>
Query params:	<none>
Form params:	<none>
Path params:	<none>
Headers:		Accept=*/*
				Content-Type=text/plain; charset=ISO-8859-1
Cookies:		<none>
Multiparts:		<none>
Body:
{"description":"Updated Test","name":"Updated New Playlist","public":false}
Request method:	POST
Request URI:	https://api.spotify.com/v1/users/rodrigo1.fontan/playlists
Proxy:			<none>
Request params:	<none>
Query params:	<none>
Form params:	<none>
Path params:	<none>
Headers:		Accept=*/*
				Content-Type=text/plain; charset=ISO-8859-1
Cookies:		<none>
Multiparts:		<none>
Body:
{"description":"Test","name":"New Playlist","public":false}
HTTP/1.1 400 Bad Request
content-type: application/json; charset=utf-8
cache-control: private, max-age=0
x-robots-tag: noindex, nofollow
access-control-allow-origin: *
access-control-allow-headers: Accept, App-Platform, Authorization, Content-Type, Origin, Retry-After, Spotify-App-Version, X-Cloud-Trace-Context, client-token, content-access-token
access-control-allow-methods: GET, POST, OPTIONS, PUT, DELETE, PATCH
access-control-allow-credentials: true
access-control-max-age: 604800
content-encoding: gzip
strict-transport-security: max-age=31536000
x-content-type-options: nosniff
date: Tue, 31 May 2022 21:57:46 GMT
server: envoy
Via: HTTP/2 edgeproxy, 1.1 google
Alt-Svc: h3=":443"; ma=2592000,h3-29=":443"; ma=2592000
Transfer-Encoding: chunked

{
    "error": {
        "status": 400,
        "message": "Missing required field: name"
    }
}
]]></system-out>
  </testcase>
  <testcase name="ShouldBeAbleToUpdatePlaylist" classname="spotify.PlaylistTests" time="2.866">
    <system-out><![CDATA[HTTP/1.1 200 OK
cache-control: private, max-age=0
x-robots-tag: noindex, nofollow
access-control-allow-origin: *
access-control-allow-headers: Accept, App-Platform, Authorization, Content-Type, Origin, Retry-After, Spotify-App-Version, X-Cloud-Trace-Context, client-token, content-access-token
access-control-allow-methods: GET, POST, OPTIONS, PUT, DELETE, PATCH
access-control-allow-credentials: true
access-control-max-age: 604800
Content-Length: 0
strict-transport-security: max-age=31536000
x-content-type-options: nosniff
date: Tue, 31 May 2022 21:57:46 GMT
server: envoy
Via: HTTP/2 edgeproxy, 1.1 google
Alt-Svc: h3=":443"; ma=2592000,h3-29=":443"; ma=2592000
]]></system-out>
  </testcase>
  <testcase name="ShouldBeAbleToGetPlayList" classname="spotify.PlaylistTests" time="2.887">
    <system-out><![CDATA[HTTP/1.1 200 OK
content-type: application/json; charset=utf-8
cache-control: public, max-age=0
etag: "MC-IjkxY2NjNGM3NjBmZDA2ZGUwNDkyYmNkMTY2YmQ4NDM4Ig=="
x-robots-tag: noindex, nofollow
access-control-allow-origin: *
access-control-allow-headers: Accept, App-Platform, Authorization, Content-Type, Origin, Retry-After, Spotify-App-Version, X-Cloud-Trace-Context, client-token, content-access-token
access-control-allow-methods: GET, POST, OPTIONS, PUT, DELETE, PATCH
access-control-allow-credentials: true
access-control-max-age: 604800
content-encoding: gzip
strict-transport-security: max-age=31536000
x-content-type-options: nosniff
date: Tue, 31 May 2022 21:57:46 GMT
server: envoy
Via: HTTP/2 edgeproxy, 1.1 google
Alt-Svc: h3=":443"; ma=2592000,h3-29=":443"; ma=2592000
Transfer-Encoding: chunked

{
    "collaborative": false,
    "description": "Updated Test",
    "external_urls": {
        "spotify": "https://open.spotify.com/playlist/6nEOpqKuXt63G8ZggGypcU"
    },
    "followers": {
        "href": null,
        "total": 0
    },
    "href": "https://api.spotify.com/v1/playlists/6nEOpqKuXt63G8ZggGypcU",
    "id": "6nEOpqKuXt63G8ZggGypcU",
    "images": [
        
    ],
    "name": "Updated New Playlist",
    "owner": {
        "display_name": "rodrigo1.fontan",
        "external_urls": {
            "spotify": "https://open.spotify.com/user/rodrigo1.fontan"
        },
        "href": "https://api.spotify.com/v1/users/rodrigo1.fontan",
        "id": "rodrigo1.fontan",
        "type": "user",
        "uri": "spotify:user:rodrigo1.fontan"
    },
    "primary_color": null,
    "public": false,
    "snapshot_id": "MTQsOGY0ZjRmNTA2MTRlMWVkMWI5ZjUwMWQzYTczMTViYjRmZTRiNjgxZA==",
    "tracks": {
        "href": "https://api.spotify.com/v1/playlists/6nEOpqKuXt63G8ZggGypcU/tracks?offset=0&limit=100",
        "items": [
            
        ],
        "limit": 100,
        "next": null,
        "offset": 0,
        "previous": null,
        "total": 0
    },
    "type": "playlist",
    "uri": "spotify:playlist:6nEOpqKuXt63G8ZggGypcU"
}
]]></system-out>
  </testcase>
  <testcase name="ShouldBeAbleToCreatePlaylist" classname="spotify.PlaylistTests" time="2.928">
    <system-out><![CDATA[HTTP/1.1 201 Created
content-type: application/json; charset=utf-8
cache-control: private, max-age=0
location: https://api.spotify.com/v1/playlists/3ZpNroyGzTsYcQCp9IXiFR
x-robots-tag: noindex, nofollow
access-control-allow-origin: *
access-control-allow-headers: Accept, App-Platform, Authorization, Content-Type, Origin, Retry-After, Spotify-App-Version, X-Cloud-Trace-Context, client-token, content-access-token
access-control-allow-methods: GET, POST, OPTIONS, PUT, DELETE, PATCH
access-control-allow-credentials: true
access-control-max-age: 604800
content-encoding: gzip
strict-transport-security: max-age=31536000
x-content-type-options: nosniff
date: Tue, 31 May 2022 21:57:46 GMT
server: envoy
Via: HTTP/2 edgeproxy, 1.1 google
Alt-Svc: h3=":443"; ma=2592000,h3-29=":443"; ma=2592000
Transfer-Encoding: chunked

{
    "collaborative": false,
    "description": "Test",
    "external_urls": {
        "spotify": "https://open.spotify.com/playlist/3ZpNroyGzTsYcQCp9IXiFR"
    },
    "followers": {
        "href": null,
        "total": 0
    },
    "href": "https://api.spotify.com/v1/playlists/3ZpNroyGzTsYcQCp9IXiFR",
    "id": "3ZpNroyGzTsYcQCp9IXiFR",
    "images": [
        
    ],
    "name": "New Playlist",
    "owner": {
        "display_name": "rodrigo1.fontan",
        "external_urls": {
            "spotify": "https://open.spotify.com/user/rodrigo1.fontan"
        },
        "href": "https://api.spotify.com/v1/users/rodrigo1.fontan",
        "id": "rodrigo1.fontan",
        "type": "user",
        "uri": "spotify:user:rodrigo1.fontan"
    },
    "primary_color": null,
    "public": false,
    "snapshot_id": "MSxmZmYwMjRjYzVlNTU3Y2FkMzRmMzBjOTVkYjNiNDExMWE1ZDY1Nzk2",
    "tracks": {
        "href": "https://api.spotify.com/v1/playlists/3ZpNroyGzTsYcQCp9IXiFR/tracks",
        "items": [
            
        ],
        "limit": 100,
        "next": null,
        "offset": 0,
        "previous": null,
        "total": 0
    },
    "type": "playlist",
    "uri": "spotify:playlist:3ZpNroyGzTsYcQCp9IXiFR"
}
]]></system-out>
  </testcase>
</testsuite>