<?xml version="1.0" encoding="UTF-8"?>
<!-- Generated by org.testng.reporters.JUnitReportReporter -->
<testsuite hostname="US-IT01890" failures="0" tests="5" name="spotify.PlaylistTests" time="13.825" errors="0" timestamp="2022-05-31T17:57:46 EDT" skipped="0">
  <testcase classname="spotify.PlaylistTests" name="ShouldNotBeAbleToCreatePlaylistWithExpiredToken" time="2.272"/>
  <system-out/>
  <testcase classname="spotify.PlaylistTests" name="ShouldBeAbleToGetPlayList" time="2.900"/>
  <system-out/>
  <testcase classname="spotify.PlaylistTests" name="ShouldBeAbleToCreatePlaylist" time="2.941"/>
  <system-out/>
  <testcase classname="spotify.PlaylistTests" name="ShouldNotBeAbleToCreatePlaylistWithOutName" time="2.832"/>
  <system-out/>
  <testcase classname="spotify.PlaylistTests" name="ShouldBeAbleToUpdatePlaylist" time="2.880"/>
  <system-out/>
</testsuite> <!-- spotify.PlaylistTests -->
